This is pdfeTeX, Version 3.141592-1.21a-2.2 (Web2C 7.5.4) (format=latex 2012.9.18)  5 MAY 2013 23:47
entering extended mode
**tcs_solid_proposal.tex
(./tcs_solid_proposal.tex
LaTeX2e <2003/12/01>
Babel <v3.8d> and hyphenation patterns for american, french, german, ngerman, b
ahasa, basque, bulgarian, catalan, croatian, czech, danish, dutch, esperanto, e
stonian, finnish, greek, icelandic, irish, italian, latin, magyar, norsk, polis
h, portuges, romanian, russian, serbian, slovak, slovene, spanish, swedish, tur
kish, ukrainian, nohyphenation, loaded.
(/usr/share/texmf/tex/latex/revtex4/revtex4.cls
Document Class: revtex4 2001/08/03 v4.0 (http://publish.aps.org/revtex4/ for do
cumentation)
 Copyright (c) 2001 The American Physical Society.
 mailto:revtex@aps.org
 Licensed under the LPPL:
http://www.ctan.org/tex-archive/macros/latex/base/lppl.txt
 Arthur Ogawa <ogawa@teleport.com>
 Based on work by David Carlisle <david@dcarlisle.demon.co.uk>.
ltxutil: portions licensed from W. E. Baxter (web@superscript.com)
Class revtex4 Info: Repairing broken LateX \@sect on input line 596.
\intertabularlinepenalty=\count79
\@tbpen=\count80
\@arstrutbox@hline=\box26
Class revtex4 Info: Repairing broken LaTeX \@xbitor on input line 1610.
ltxgrid: portions licensed from W. E. Baxter (web@superscript.com)
\c@linecount=\count81
\output=\toks14
\@protection@box=\box27
\@topmark@saved=\toks15
\footins@saved=\box28
\pagesofar=\box29
\footbox=\box30
\pagegrid@col=\count82
Class revtex4 Info: Incorporating package {textcase}  [1998/11/12 v0.06 Text on
ly upper/lower case changing (DPC)]. on input line 3682.
(/usr/share/texmf/tex/latex/html/url.sty
Package: url 1999/03/02  ver 1.4  Verb mode for urls, email addresses, and file
 names
)
\c@affil=\count83
\absbox=\box31
\c@part=\count84
\c@section=\count85
\c@subsection=\count86
\c@subsubsection=\count87
\c@paragraph=\count88
\c@subparagraph=\count89
\abovecaptionskip=\skip41
\belowcaptionskip=\skip42
\c@figure=\count90
\c@table=\count91

(/usr/share/texmf/tex/latex/natbib/natbib.sty
Package: natbib 2003/06/06 7.1 (PWD)
\bibhang=\skip43
\bibsep=\skip44
LaTeX Info: Redefining \cite on input line 518.
\c@NAT@ctr=\count92
)
\widetext@top=\box32
\widetext@bot=\box33

(/usr/share/texmf/tex/latex/revtex4/revsymb.sty
Package: revsymb 2001/08/03 v4.0 (http://publish.aps.org/revtex4/ for documenta
tion)
LaTeX Info: Redefining \REV@mathfrak on input line 118.
))
(/usr/share/texmf/tex/latex/amsfonts/amssymb.sty
Package: amssymb 2002/01/22 v2.2d

(/usr/share/texmf/tex/latex/amsfonts/amsfonts.sty
Package: amsfonts 2001/10/25 v2.2f
\@emptytoks=\toks16
\symAMSa=\mathgroup4
\symAMSb=\mathgroup5
LaTeX Font Info:    Overwriting math alphabet `\mathfrak' in version `bold'
(Font)                  U/euf/m/n --> U/euf/b/n on input line 132.
LaTeX Info: Redefining \frak on input line 135.
LaTeX Info: Redefining \Bbb on input line 137.
))
(/usr/share/texmf/tex/latex/amsmath/amsmath.sty
Package: amsmath 2000/07/18 v2.13 AMS math features
\@mathmargin=\skip45

For additional information on amsmath, use the `?' option.
(/usr/share/texmf/tex/latex/amsmath/amstext.sty
Package: amstext 2000/06/29 v2.01

(/usr/share/texmf/tex/latex/amsmath/amsgen.sty
File: amsgen.sty 1999/11/30 v2.0
\@emptytoks=\toks17
\ex@=\dimen102
))
(/usr/share/texmf/tex/latex/amsmath/amsbsy.sty
Package: amsbsy 1999/11/29 v1.2d
\pmbraise@=\dimen103
)
(/usr/share/texmf/tex/latex/amsmath/amsopn.sty
Package: amsopn 1999/12/14 v2.01 operator names
)
\inf@bad=\count93
LaTeX Info: Redefining \frac on input line 211.
\uproot@=\count94
\leftroot@=\count95
LaTeX Info: Redefining \overline on input line 307.
\classnum@=\count96
\DOTSCASE@=\count97
LaTeX Info: Redefining \ldots on input line 379.
LaTeX Info: Redefining \dots on input line 382.
LaTeX Info: Redefining \cdots on input line 467.
\Mathstrutbox@=\box34
\strutbox@=\box35
\big@size=\dimen104
LaTeX Font Info:    Redeclaring font encoding OML on input line 567.
LaTeX Font Info:    Redeclaring font encoding OMS on input line 568.
\macc@depth=\count98
\c@MaxMatrixCols=\count99
\dotsspace@=\muskip10
\c@parentequation=\count100
\dspbrk@lvl=\count101
\tag@help=\toks18
\row@=\count102
\column@=\count103
\maxfields@=\count104
\andhelp@=\toks19
\eqnshift@=\dimen105
\alignsep@=\dimen106
\tagshift@=\dimen107
\tagwidth@=\dimen108
\totwidth@=\dimen109
\lineht@=\dimen110
\@envbody=\toks20
\multlinegap=\skip46
\multlinetaggap=\skip47
\mathdisplay@stack=\toks21
LaTeX Info: Redefining \[ on input line 2666.
LaTeX Info: Redefining \] on input line 2667.
)
(/usr/share/texmf/tex/latex/revtex4/aps.rtx
File: aps.rtx 2001/08/03 v4.0 (http://publish.aps.org/revtex4/ for documentatio
n)
)
(/usr/share/texmf/tex/latex/revtex4/11pt.rtx
File: 11pt.rtx 2001/08/03 v4.0 (http://publish.aps.org/revtex4/ for documentati
on)
)
(/usr/share/texmf/tex/latex/graphics/graphicx.sty
Package: graphicx 1999/02/16 v1.0f Enhanced LaTeX Graphics (DPC,SPQR)

(/usr/share/texmf/tex/latex/graphics/keyval.sty
Package: keyval 1999/03/16 v1.13 key=value parser (DPC)
\KV@toks@=\toks22
)
(/usr/share/texmf/tex/latex/graphics/graphics.sty
Package: graphics 2001/07/07 v1.0n Standard LaTeX Graphics (DPC,SPQR)

(/usr/share/texmf/tex/latex/graphics/trig.sty
Package: trig 1999/03/16 v1.09 sin cos tan (DPC)
)
(/usr/share/texmf/tex/latex/graphics/graphics.cfg
File: graphics.cfg 2005/02/03 v1.3 graphics configuration of teTeX/TeXLive
)
Package graphics Info: Driver file: dvipdf.def on input line 80.

(/usr/share/texmf/tex/latex/graphics/dvipdf.def
File: dvipdf.def 1999/02/16 v3.0i Driver-dependant file (DPC,SPQR)
))
\Gin@req@height=\dimen111
\Gin@req@width=\dimen112
)
(/usr/share/texmf/tex/latex/subfigure/subfigure.sty
Package: subfigure 2002/07/30 v2.1.4 subfigure package
\subfigtopskip=\skip48
\subfigcapskip=\skip49
\subfigcaptopadj=\dimen113
\subfigbottomskip=\skip50
\subfigcapmargin=\dimen114
\subfiglabelskip=\skip51
\c@subfigure=\count105
\c@lofdepth=\count106
\c@subtable=\count107
\c@lotdepth=\count108

****************************************
* Local config file subfigure.cfg used *
****************************************
(/usr/share/texmf/tex/latex/subfigure/subfigure.cfg)
\subfig@top=\skip52
\subfig@bottom=\skip53
)
(/usr/share/texmf/tex/latex/graphics/color.sty
Package: color 1999/02/16 v1.0i Standard LaTeX Color (DPC)

(/usr/share/texmf/tex/latex/graphics/color.cfg
File: color.cfg 2005/02/03 v1.3 color configuration of teTeX/TeXLive
)
Package color Info: Driver file: dvips.def on input line 125.

(/usr/share/texmf/tex/latex/graphics/dvips.def
File: dvips.def 1999/02/16 v3.0i Driver-dependant file (DPC,SPQR)
)
(/usr/share/texmf/tex/latex/graphics/dvipsnam.def
File: dvipsnam.def 1999/02/16 v3.0i Driver-dependant file (DPC,SPQR)
))
(/usr/share/texmf/tex/latex/multirow/multirow.sty
\bigstrutjot=\dimen115
)
(/usr/share/texmf/tex/latex/graphics/epsfig.sty
Package: epsfig 1999/02/16 v1.7a (e)psfig emulation (SPQR)
\epsfxsize=\dimen116
\epsfysize=\dimen117
)
(/usr/share/texmf/tex/latex/wrapfig/wrapfig.sty
\wrapoverhang=\dimen118
\WF@size=\dimen119
\c@WF@wrappedlines=\count109
\WF@box=\box36
\WF@everypar=\toks23
Package: wrapfig 2003/01/31  v 3.6
)
(/usr/share/texmf/tex/latex/rotating/rotating.sty
Package: rotating 1997/09/26 v2.13 Rotation package

(/usr/share/texmf/tex/latex/base/ifthen.sty
Package: ifthen 2001/05/26 v1.1c Standard LaTeX ifthen package (DPC)
)
\c@r@tfl@t=\count110
\rot@float@box=\box37
)
(/usr/share/texmf/tex/latex/footmisc/footmisc.sty
Package: footmisc 2004/05/02 v5.3c a miscellany of footnote facilities
\FN@temptoken=\toks24
\footnotemargin=\dimen120


LaTeX Warning: Command \@footnotetext  has changed.
               Check if current package is valid.

\c@pp@next@reset=\count111
Package footmisc Info: Declaring symbol style bringhurst on input line 799.
Package footmisc Info: Declaring symbol style chicago on input line 800.
Package footmisc Info: Declaring symbol style wiley on input line 801.
Package footmisc Info: Declaring symbol style lamport-robust on input line 805.

Package footmisc Info: Declaring symbol style lamport* on input line 813.
Package footmisc Info: Declaring symbol style lamport*-robust on input line 822
.
) (/usr/share/texmf/tex/latex/hyperref/hyperref.sty
Package: hyperref 2003/11/30 v6.74m Hypertext links for LaTeX
\@linkdim=\dimen121
\Hy@linkcounter=\count112
\Hy@pagecounter=\count113

(/usr/share/texmf/tex/latex/hyperref/pd1enc.def
File: pd1enc.def 2003/11/30 v6.74m Hyperref: PDFDocEncoding definition (HO)
)
(/usr/share/texmf/tex/latex/hyperref/hyperref.cfg
File: hyperref.cfg 2002/06/06 v1.2 hyperref configuration of TeXLive and teTeX
)
Package hyperref Info: Hyper figures OFF on input line 1880.
Package hyperref Info: Link nesting OFF on input line 1885.
Package hyperref Info: Hyper index ON on input line 1888.
Package hyperref Info: Plain pages ON on input line 1893.
Package hyperref Info: Backreferencing OFF on input line 1900.

Implicit mode ON; LaTeX internals redefined
Package hyperref Info: Bookmarks ON on input line 2004.
LaTeX Info: Redefining \url on input line 2143.
\Fld@menulength=\count114
\Field@Width=\dimen122
\Fld@charsize=\dimen123
\Choice@toks=\toks25
\Field@toks=\toks26
Package hyperref Info: Hyper figures OFF on input line 2618.
Package hyperref Info: Link nesting OFF on input line 2623.
Package hyperref Info: Hyper index ON on input line 2626.
Package hyperref Info: backreferencing OFF on input line 2633.
Package hyperref Info: Link coloring OFF on input line 2638.
\c@Item=\count115
\c@Hfootnote=\count116
)
*hyperref using default driver hdvips*
(/usr/share/texmf/tex/latex/hyperref/hdvips.def
File: hdvips.def 2003/11/30 v6.74m Hyperref driver for dvips

(/usr/share/texmf/tex/latex/hyperref/pdfmark.def
File: pdfmark.def 2003/11/30 v6.74m Hyperref definitions for pdfmark specials
\pdf@docset=\toks27
\pdf@box=\box38
\pdf@toks=\toks28
\pdf@defaulttoks=\toks29
\Fld@listcount=\count117
\@outlinefile=\write3
))
No file tcs_solid_proposal.aux.
\openout1 = `tcs_solid_proposal.aux'.

LaTeX Font Info:    Checking defaults for OML/cmm/m/it on input line 72.
LaTeX Font Info:    ... okay on input line 72.
LaTeX Font Info:    Checking defaults for T1/cmr/m/n on input line 72.
LaTeX Font Info:    ... okay on input line 72.
LaTeX Font Info:    Checking defaults for OT1/cmr/m/n on input line 72.
LaTeX Font Info:    ... okay on input line 72.
LaTeX Font Info:    Checking defaults for OMS/cmsy/m/n on input line 72.
LaTeX Font Info:    ... okay on input line 72.
LaTeX Font Info:    Checking defaults for OMX/cmex/m/n on input line 72.
LaTeX Font Info:    ... okay on input line 72.
LaTeX Font Info:    Checking defaults for U/cmr/m/n on input line 72.
LaTeX Font Info:    ... okay on input line 72.
LaTeX Font Info:    Checking defaults for PD1/pdf/m/n on input line 72.
LaTeX Font Info:    ... okay on input line 72.
Class revtex4 Info: Patching LaTeX tabular. on input line 72.
Class revtex4 Info: cite was not loaded (OK!) on input line 72.
Class revtex4 Info: multicol was not loaded (OK!) on input line 72.
Package hyperref Info: Link coloring OFF on input line 72.
(/usr/share/texmf/tex/latex/hyperref/nameref.sty
Package: nameref 2003/12/03 v2.21 Cross-referencing by name of section
\c@section@level=\count118
)
LaTeX Info: Redefining \ref on input line 72.
LaTeX Info: Redefining \pageref on input line 72.
\openout3 = `tcs_solid_proposal.out'.

 (./tcs_abstract.tex
LaTeX Font Info:    Try loading font information for U+msa on input line 1.

(/usr/share/texmf/tex/latex/amsfonts/umsa.fd
File: umsa.fd 2002/01/19 v2.2g AMS font definitions
)
LaTeX Font Info:    Try loading font information for U+msb on input line 1.

(/usr/share/texmf/tex/latex/amsfonts/umsb.fd
File: umsb.fd 2002/01/19 v2.2g AMS font definitions
)

Package natbib Warning: Citation `E12-12-001' on page 1 undefined on input line
 20.


Package natbib Warning: Citation `E12-12-006' on page 1 undefined on input line
 30.

)

LaTeX Warning: Reference `spoks' on page 1 undefined on input line 181.

[1] [2]
No file tcs_solid_proposal.toc.
\tf@toc=\write4
\openout4 = `tcs_solid_proposal.toc'.

[3] (./tcs_intro.tex

Package natbib Warning: Citation `Goeke:2001tz' on page 4 undefined on input li
ne 28.


Package natbib Warning: Citation `Diehl:2003ny' on page 4 undefined on input li
ne 28.


Package natbib Warning: Citation `Belitsky:2005qn' on page 4 undefined on input
 line 28.


Package natbib Warning: Citation `Collins:1996fb' on page 4 undefined on input 
line 29.


Package natbib Warning: Citation `Collins:1998be' on page 4 undefined on input 
line 29.


Package natbib Warning: Citation `Ji:1996ek' on page 4 undefined on input line 
41.

[4]

Package natbib Warning: Citation `Berger:2001xd' on page 5 undefined on input l
ine 63.


Package natbib Warning: Citation `Berger:2001xd' on page 5 undefined on input l
ine 65.

LaTeX Font Info:    Try loading font information for OMS+cmr on input line 75.
(/usr/share/texmf/tex/latex/base/omscmr.fd
File: omscmr.fd 1999/05/25 v2.5h Standard LaTeX font definitions
)
LaTeX Font Info:    Font shape `OMS/cmr/m/n' in size <10.95> not available
(Font)              Font shape `OMS/cmsy/m/n' tried instead on input line 75.


Package natbib Warning: Citation `Guidal:2013rya' on page 5 undefined on input 
line 86.


Package natbib Warning: Citation `Guidal:2008ie' on page 5 undefined on input l
ine 86.


Package natbib Warning: Citation `Braun:2011zr' on page 5 undefined on input li
ne 93.


Package natbib Warning: Citation `Braun:2012hq' on page 5 undefined on input li
ne 94.


Package natbib Warning: Citation `Moutarde:2013qs' on page 5 undefined on input
 line 101.

[5]

LaTeX Warning: Reference `eq:TCS' on page 6 undefined on input line 112.


Package natbib Warning: Citation `E12-12-001' on page 6 undefined on input line
 132.

) [6] (./tcs_motivation.tex
File: TCS_sketch.epsi Graphic file (type eps)
 <TCS_sketch.epsi>
File: TCS_sketch_2.epsi Graphic file (type eps)
 <TCS_sketch_2.epsi>

LaTeX Warning: Reference `fig:TCS_sketch' on page 7 undefined on input line 29.



LaTeX Warning: Reference `fig:BH' on page 7 undefined on input line 33.


LaTeX Warning: Reference `subsec:observables' on page 7 undefined on input line
 37.


LaTeX Warning: Reference `fig:Angle' on page 7 undefined on input line 53.

[7]
File: BH.eps Graphic file (type eps)
 <BH.eps>

LaTeX Warning: Reference `fig:TCS_sketch' on page 8 undefined on input line 70.



LaTeX Warning: Reference `fig:ee_to_hadrons' on page 8 undefined on input line 
79.


Package natbib Warning: Citation `Berger:2001xd' on page 8 undefined on input l
ine 87.


Package natbib Warning: Citation `Collins:1998be' on page 8 undefined on input 
line 88.


LaTeX Warning: Reference `eq:TCS' on page 8 undefined on input line 89.


Package natbib Warning: Citation `Diehl:2003ny' on page 8 undefined on input li
ne 96.


LaTeX Warning: Reference `fig:TCS_Handbag' on page 8 undefined on input line 99
.


Package natbib Warning: Citation `Pire:2011st' on page 8 undefined on input lin
e 104.


Package natbib Warning: Citation `Pire:2012yq' on page 8 undefined on input lin
e 104.


LaTeX Warning: Reference `subsec:NLO' on page 8 undefined on input line 105.

[8]

LaTeX Warning: Reference `eq:CFF_H1' on page 9 undefined on input line 121.

File: Angle.eps Graphic file (type eps)
<Angle.eps>

Package natbib Warning: Citation `Berger:2001xd' on page 9 undefined on input l
ine 135.


Package natbib Warning: Citation `Berger:2001xd' on page 9 undefined on input l
ine 135.


LaTeX Warning: Reference `eq:CFF_H1' on page 9 undefined on input line 140.

[9]

LaTeX Warning: Reference `subsec:observables' on page 10 undefined on input lin
e 151.

File: ee_to_hadrons.eps Graphic file (type eps)
<ee_to_hadrons.eps>

Package natbib Warning: Citation `Guidal:2013rya' on page 10 undefined on input
 line 165.


LaTeX Warning: Reference `fig:ReImH_tau' on page 10 undefined on input line 171
.


LaTeX Warning: Reference `fig:ReImH_t' on page 10 undefined on input line 171.


Package natbib Warning: Citation `Polyakov:2002wz' on page 10 undefined on inpu
t line 174.


Package natbib Warning: Citation `Guzey:2006xi' on page 10 undefined on input l
ine 174.


Package natbib Warning: Citation `Guzey:2008ys' on page 10 undefined on input l
ine 174.


Package natbib Warning: Citation `Polyakov:2008aa' on page 10 undefined on inpu
t line 174.


Package natbib Warning: Citation `Radyushkin:1998es' on page 10 undefined on in
put line 175.


LaTeX Warning: Reference `subsec:amplitude_analysis' on page 10 undefined on in
put line 180.


LaTeX Warning: Reference `subsec:dispersion' on page 10 undefined on input line
 181.

[10]
File: TCS_Handbag.epsi Graphic file (type eps)
 <TCS_Handbag.epsi>

Package natbib Warning: Citation `Polyakov:1999gs' on page 11 undefined on inpu
t line 203.


Package natbib Warning: Citation `Polyakov:1999gs' on page 11 undefined on inpu
t line 214.


Package natbib Warning: Citation `Radyushkin:1998es' on page 11 undefined on in
put line 216.


Package natbib Warning: Citation `Belitsky:2000vk' on page 11 undefined on inpu
t line 218.


Package natbib Warning: Citation `Radyushkin:2011dh' on page 11 undefined on in
put line 224.


Package natbib Warning: Citation `Ji:1996ek' on page 11 undefined on input line
 232.


Package natbib Warning: Citation `Jaffe:1989jz' on page 11 undefined on input l
ine 232.

[11]

Package natbib Warning: Citation `Polyakov:2002yz' on page 12 undefined on inpu
t line 238.


Package natbib Warning: Citation `Goeke:2007fp' on page 12 undefined on input l
ine 240.


LaTeX Warning: Reference `fig:D_term' on page 12 undefined on input line 241.


Package natbib Warning: Citation `Goeke:2007fp' on page 12 undefined on input l
ine 249.


Package natbib Warning: Citation `Gockeler:2003jfa' on page 12 undefined on inp
ut line 254.


Package natbib Warning: Citation `Goeke:2007fp' on page 12 undefined on input l
ine 255.


LaTeX Warning: Reference `fig:D_term' on page 12 undefined on input line 256.

File: comp_DD_Dual_Q2_5.eps Graphic file (type eps)
<comp_DD_Dual_Q2_5.eps>

Package natbib Warning: Citation `Polyakov:2002wz' on page 12 undefined on inpu
t line 267.


Package natbib Warning: Citation `Guzey:2006xi' on page 12 undefined on input l
ine 267.


Package natbib Warning: Citation `Guzey:2008ys' on page 12 undefined on input l
ine 267.


Package natbib Warning: Citation `Polyakov:2008aa' on page 12 undefined on inpu
t line 267.


Package natbib Warning: Citation `Radyushkin:1998es' on page 12 undefined on in
put line 267.


Package natbib Warning: Citation `Polyakov:2002wz' on page 12 undefined on inpu
t line 267.


Package natbib Warning: Citation `Guzey:2006xi' on page 12 undefined on input l
ine 267.


Package natbib Warning: Citation `Guzey:2008ys' on page 12 undefined on input l
ine 267.


Package natbib Warning: Citation `Polyakov:2008aa' on page 12 undefined on inpu
t line 267.


Package natbib Warning: Citation `Radyushkin:1998es' on page 12 undefined on in
put line 267.


Package natbib Warning: Citation `Radyushkin:2011dh' on page 12 undefined on in
put line 279.


Package natbib Warning: Citation `Anikin:2007yh' on page 12 undefined on input 
line 279.


Package natbib Warning: Citation `Diehl:2007jb' on page 12 undefined on input l
ine 279.


Package natbib Warning: Citation `Polyakov:2007rv' on page 12 undefined on inpu
t line 279.


Package natbib Warning: Citation `Brodsky:1971zh' on page 12 undefined on input
 line 281.


Package natbib Warning: Citation `Brodsky:1972vv' on page 12 undefined on input
 line 281.


Package natbib Warning: Citation `Brodsky:1973hm' on page 12 undefined on input
 line 281.


Package natbib Warning: Citation `Brodsky:2008qu' on page 12 undefined on input
 line 281.

[12]
File: comp_DD_Dual_tdep_Q2_5.eps Graphic file (type eps)
 <comp_DD_Dual_tdep_Q2_5.eps>

LaTeX Warning: Reference `fig:ReImH_tau' on page 13 undefined on input line 297
.


LaTeX Warning: Reference `fig:ReImH_tau' on page 13 undefined on input line 297
.


Package natbib Warning: Citation `Berger:2001xd' on page 13 undefined on input 
line 302.


LaTeX Warning: Reference `eq:sigma_tcs' on page 13 undefined on input line 311.



Package natbib Warning: Citation `Berger:2001xd' on page 13 undefined on input 
line 322.


Package natbib Warning: Citation `Pire:2008ea' on page 13 undefined on input li
ne 322.

[13]

LaTeX Warning: Reference `eq:eta' on page 14 undefined on input line 349.


LaTeX Warning: Reference `eq:interference' on page 14 undefined on input line 3
50.


Package natbib Warning: Citation `Berger:2001xd' on page 14 undefined on input 
line 351.


LaTeX Warning: Reference `eq:interference' on page 14 undefined on input line 3
57.

File: pressure.eps Graphic file (type eps)
<pressure.eps>

Package natbib Warning: Citation `Goeke:2007fp' on page 14 undefined on input l
ine 373.


Package natbib Warning: Citation `Goeke:2007fp' on page 14 undefined on input l
ine 373.


Package natbib Warning: Citation `Berger:2001xd' on page 14 undefined on input 
line 382.

File: R_DD_2012_E78.eps Graphic file (type eps)
<R_DD_2012_E78.eps>

Package natbib Warning: Citation `Polyakov:2002wz' on page 14 undefined on inpu
t line 421.


Package natbib Warning: Citation `Guzey:2006xi' on page 14 undefined on input l
ine 421.


Package natbib Warning: Citation `Guzey:2008ys' on page 14 undefined on input l
ine 421.


Package natbib Warning: Citation `Polyakov:2008aa' on page 14 undefined on inpu
t line 421.


Package natbib Warning: Citation `Radyushkin:1998es' on page 14 undefined on in
put line 421.


LaTeX Warning: Reference `eq:dd1' on page 14 undefined on input line 421.


LaTeX Warning: Reference `eq:R' on page 14 undefined on input line 421.


LaTeX Warning: Reference `sec:rates' on page 14 undefined on input line 421.


Package natbib Warning: Citation `Polyakov:2002wz' on page 14 undefined on inpu
t line 421.


Package natbib Warning: Citation `Guzey:2006xi' on page 14 undefined on input l
ine 421.


Package natbib Warning: Citation `Guzey:2008ys' on page 14 undefined on input l
ine 421.


Package natbib Warning: Citation `Polyakov:2008aa' on page 14 undefined on inpu
t line 421.


Package natbib Warning: Citation `Radyushkin:1998es' on page 14 undefined on in
put line 421.


LaTeX Warning: Reference `eq:dd1' on page 14 undefined on input line 421.


LaTeX Warning: Reference `eq:R' on page 14 undefined on input line 421.


LaTeX Warning: Reference `sec:rates' on page 14 undefined on input line 421.


Package natbib Warning: Citation `Berger:2001xd' on page 14 undefined on input 
line 430.

[14]

Package natbib Warning: Citation `Berger:2001xd' on page 15 undefined on input 
line 440.


LaTeX Warning: Reference `fig:r_theory' on page 15 undefined on input line 449.



Package natbib Warning: Citation `Polyakov:2002wz' on page 15 undefined on inpu
t line 453.


Package natbib Warning: Citation `Guzey:2006xi' on page 15 undefined on input l
ine 453.


Package natbib Warning: Citation `Guzey:2008ys' on page 15 undefined on input l
ine 453.


Package natbib Warning: Citation `Polyakov:2008aa' on page 15 undefined on inpu
t line 453.


Package natbib Warning: Citation `Radyushkin:1998es' on page 15 undefined on in
put line 454.


LaTeX Warning: Reference `fig:ReImH_t' on page 15 undefined on input line 456.


Package natbib Warning: Citation `Goeke:2001tz' on page 15 undefined on input l
ine 458.


LaTeX Warning: Reference `eq:dd1' on page 15 undefined on input line 459.


LaTeX Warning: Reference `fig:r_theory' on page 15 undefined on input line 463.



LaTeX Warning: Reference `sec:rates' on page 15 undefined on input line 465.

[15]

LaTeX Warning: Reference `eq:D_term' on page 16 undefined on input line 483.


Package natbib Warning: Citation `Petrov:1998kf' on page 16 undefined on input 
line 485.


Package natbib Warning: Citation `Diehl:2003ny' on page 16 undefined on input l
ine 486.


LaTeX Warning: Reference `fig:r_theory' on page 16 undefined on input line 488.


(./tcs_nlo.tex

Package natbib Warning: Citation `Muller:2012yq' on page 16 undefined on input 
line 5.


Package natbib Warning: Citation `Moutarde:2013qs' on page 16 undefined on inpu
t line 5.

[16]

Package natbib Warning: Citation `Ji:1997nk' on page 17 undefined on input line
 15.


Package natbib Warning: Citation `Mankiewicz:1997bk' on page 17 undefined on in
put line 15.


Package natbib Warning: Citation `Belitsky:1999sg' on page 17 undefined on inpu
t line 15.


Package natbib Warning: Citation `Freund:2001rk' on page 17 undefined on input 
line 15.


Package natbib Warning: Citation `Pire:2011st' on page 17 undefined on input li
ne 15.


Package natbib Warning: Citation `Goloskokov:2005sd' on page 17 undefined on in
put line 19.


Package natbib Warning: Citation `Goloskokov:2006hr' on page 17 undefined on in
put line 19.


Package natbib Warning: Citation `Goloskokov:2007nt' on page 17 undefined on in
put line 19.


Package natbib Warning: Citation `Kroll:2012sm' on page 17 undefined on input l
ine 19.


Package natbib Warning: Citation `Berger:2001xd' on page 17 undefined on input 
line 21.


Package natbib Warning: Citation `Martin:2009iq' on page 17 undefined on input 
line 21.


Package natbib Warning: Citation `Polyakov:1999gs' on page 17 undefined on inpu
t line 22.


Package natbib Warning: Citation `Berger:2001xd' on page 17 undefined on input 
line 23.


Package natbib Warning: Citation `Diehl:2003ny' on page 17 undefined on input l
ine 23.


Package natbib Warning: Citation `Kivel:2000fg' on page 17 undefined on input l
ine 25.


Package natbib Warning: Citation `Muller:2012yq' on page 17 undefined on input 
line 57.

[17]

Package natbib Warning: Citation `Berger:2001xd' on page 18 undefined on input 
line 85.


Overfull \hbox (87.36517pt too wide) detected at line 99
[]\OMS/cmsy/m/n/10.95 A[]\OT1/cmr/m/n/10.95 (\OML/cmm/m/it/10.95 ^^Q; t\OT1/cmr
/m/n/10.95 ) = \OMS/cmsy/m/n/10.95 ^^@\OML/cmm/m/it/10.95 e[][] []\OT1/cmr/m/n/
10.95 (\OML/cmm/m/it/10.95 P[]\OT1/cmr/m/n/10.95 ) [] \OML/cmm/m/it/10.95 u\OT1
/cmr/m/n/10.95 (\OML/cmm/m/it/10.95 P\OT1/cmr/m/n/10.95 ) \OML/cmm/m/it/10.95 :

 []

File: TCS_Re_2x2_nice.eps Graphic file (type eps)
<TCS_Re_2x2_nice.eps>
File: TCS_Im_2x2_nice.eps Graphic file (type eps)
 <TCS_Im_2x2_nice.eps>

LaTeX Warning: Reference `fig:TCSRe2x2' on page 18 undefined on input line 135.



LaTeX Warning: Reference `fig:TCSIm2x2' on page 18 undefined on input line 136.



LaTeX Warning: Reference `tableDTCS' on page 18 undefined on input line 155.


LaTeX Warning: `h' float specifier changed to `ht'.


LaTeX Warning: Reference `fig:TCStoDVCS' on page 18 undefined on input line 179
.


Package natbib Warning: Citation `Muller:2012yq' on page 18 undefined on input 
line 181.


LaTeX Warning: Reference `eq:TCSvsDVCS' on page 18 undefined on input line 182.


File: TCStoDVCS_1x2_nice.eps Graphic file (type eps)
<TCStoDVCS_1x2_nice.eps>

Package natbib Warning: Citation `Berger:2001xd' on page 18 undefined on input 
line 209.


LaTeX Warning: Reference `fig:TCSRe2x2' on page 18 undefined on input line 212.



LaTeX Warning: Reference `fig:xsec_phidep' on page 18 undefined on input line 2
13.

File: xsec_phidep.eps Graphic file (type eps)
<xsec_phidep.eps> [18]
File: R.eps Graphic file (type eps)
 <R.eps>

LaTeX Warning: Reference `eq:R_ratio' on page 19 undefined on input line 235.


LaTeX Warning: Reference `eq:R_ratio' on page 19 undefined on input line 235.


LaTeX Warning: Reference `fig:Ratio_R' on page 19 undefined on input line 253.


Package natbib Warning: Citation `Berger:2001xd' on page 19 undefined on input 
line 254.


Package natbib Warning: Citation `Berger:2001xd' on page 19 undefined on input 
line 261.


LaTeX Warning: Reference `fig:Ratio_R' on page 19 undefined on input line 262.


Package natbib Warning: Citation `Berger:2001xd' on page 19 undefined on input 
line 275.


LaTeX Warning: Reference `fig:Asymmetry_xi' on page 19 undefined on input line 
280.


LaTeX Warning: Reference `fig:Asymmetry_xi' on page 19 undefined on input line 
284.

File: Asymmetry_E_10_t_01_Q_2_nice.eps Graphic file (type eps)
<Asymmetry_E_10_t_01_Q_2_nice.eps>
File: Asymmetry_xi_nice.eps Graphic file (type eps)
 <Asymmetry_xi_nice.eps>) [19]

LaTeX Warning: A float is stuck (cannot be placed); try class option [floatfix]
 on input line 496.

(./tcs_amplitude_analysis.tex

Package natbib Warning: Citation `Guidal:2008ie' on page 20 undefined on input 
line 5.


Package natbib Warning: Citation `Kumericki:2007sa' on page 20 undefined on inp
ut line 5.


Package natbib Warning: Citation `Moutarde:2009fg' on page 20 undefined on inpu
t line 5.


Package natbib Warning: Citation `Guidal:2009aa' on page 20 undefined on input 
line 5.


Package natbib Warning: Citation `Guidal:2010ig' on page 20 undefined on input 
line 5.


Package natbib Warning: Citation `Guidal:2010de' on page 20 undefined on input 
line 5.


Package natbib Warning: Citation `Moutarde:2010uk' on page 20 undefined on inpu
t line 5.


Package natbib Warning: Citation `Moutarde:2011zz' on page 20 undefined on inpu
t line 5.


Package natbib Warning: Citation `Kumericki:2011aa' on page 20 undefined on inp
ut line 5.


Package natbib Warning: Citation `Guidal:2008ie' on page 20 undefined on input 
line 19.


Package natbib Warning: Citation `Guidal:2009aa' on page 20 undefined on input 
line 19.


Package natbib Warning: Citation `Guidal:2010ig' on page 20 undefined on input 
line 19.


Package natbib Warning: Citation `Guidal:2010de' on page 20 undefined on input 
line 19.

File: ImH_theta.eps Graphic file (type eps)
<ImH_theta.eps>
File: ReH_theta.eps Graphic file (type eps)
 <ReH_theta.eps>

Package natbib Warning: Citation `Guidal:2010de' on page 20 undefined on input 
line 43.


Package natbib Warning: Citation `Vanderhaeghen:1999xj' on page 20 undefined on
 input line 53.


Package natbib Warning: Citation `Guidal:2004nd' on page 20 undefined on input 
line 53.


LaTeX Warning: Reference `fig:TCS_fits' on page 20 undefined on input line 58.


LaTeX Warning: Reference `fig:TCS_fits' on page 20 undefined on input line 66.


LaTeX Warning: Reference `fig:TCS_fits' on page 20 undefined on input line 76.


LaTeX Warning: Reference `fig:TCS_fits' on page 20 undefined on input line 84.

) [20]

LaTeX Warning: A float is stuck (cannot be placed); try class option [floatfix]
 on input line 501.


Package natbib Warning: Citation `Anikin:2007yh' on page 21 undefined on input 
line 511.


Package natbib Warning: Citation `Diehl:2007jb' on page 21 undefined on input l
ine 511.


Package natbib Warning: Citation `Polyakov:2007rv' on page 21 undefined on inpu
t line 511.


Package natbib Warning: Citation `Diehl:2007jb' on page 21 undefined on input l
ine 515.


LaTeX Warning: Reference `eq:DR' on page 21 undefined on input line 524.

(./tcs_6GeV.tex
File: R_dep_theta_var_6GeV.eps Graphic file (type eps)
 <R_dep_theta_var_6GeV.eps>

Package natbib Warning: Citation `Polyakov:2002wz' on page 21 undefined on inpu
t line 9.


Package natbib Warning: Citation `Guzey:2006xi' on page 21 undefined on input l
ine 9.


Package natbib Warning: Citation `Guzey:2008ys' on page 21 undefined on input l
ine 9.


Package natbib Warning: Citation `Polyakov:2008aa' on page 21 undefined on inpu
t line 9.


Package natbib Warning: Citation `Radyushkin:1998es' on page 21 undefined on in
put line 9.


Package natbib Warning: Citation `Polyakov:2002wz' on page 21 undefined on inpu
t line 9.


Package natbib Warning: Citation `Guzey:2006xi' on page 21 undefined on input l
ine 9.


Package natbib Warning: Citation `Guzey:2008ys' on page 21 undefined on input l
ine 9.


Package natbib Warning: Citation `Polyakov:2008aa' on page 21 undefined on inpu
t line 9.


Package natbib Warning: Citation `Radyushkin:1998es' on page 21 undefined on in
put line 9.

[21]

LaTeX Warning: A float is stuck (cannot be placed); try class option [floatfix]
 on input line 12.


LaTeX Warning: Reference `sec:tcs_selection' on page 22 undefined on input line
 17.


Package natbib Warning: Citation `Rafael:2010' on page 22 undefined on input li
ne 23.


LaTeX Warning: Reference `fig:Angle' on page 22 undefined on input line 42.


LaTeX Warning: Reference `eq:S' on page 22 undefined on input line 43.


LaTeX Warning: Reference `eq:R' on page 22 undefined on input line 43.


LaTeX Warning: Reference `sec:tcsrate' on page 22 undefined on input line 49.


LaTeX Warning: Reference `fig:R_dep_theta_var_6GeV' on page 22 undefined on inp
ut line 51.


Package natbib Warning: Citation `Polyakov:2002wz' on page 22 undefined on inpu
t line 54.


Package natbib Warning: Citation `Guzey:2006xi' on page 22 undefined on input l
ine 54.


Package natbib Warning: Citation `Guzey:2008ys' on page 22 undefined on input l
ine 54.


Package natbib Warning: Citation `Polyakov:2008aa' on page 22 undefined on inpu
t line 54.


Package natbib Warning: Citation `Radyushkin:1998es' on page 22 undefined on in
put line 55.

File: TCS407.eps Graphic file (type eps)
<TCS407.eps>

LaTeX Warning: Reference `fig:TCS6' on page 22 undefined on input line 74.

)) [22]

LaTeX Warning: A float is stuck (cannot be placed); try class option [floatfix]
 on input line 195.

[23]

LaTeX Warning: A float is stuck (cannot be placed); try class option [floatfix]
 on input line 197.

(./tcs_experiment.tex

LaTeX Warning: Reference `eq:exfs' on page 24 undefined on input line 11.


Package natbib Warning: Citation `E12-12-006' on page 24 undefined on input lin
e 30.


LaTeX Warning: Reference `sec:detector' on page 24 undefined on input line 35.


Package natbib Warning: Citation `Rafael:2010' on page 24 undefined on input li
ne 39.

File: SoLID_setup_20130225_TCS_arrow.eps Graphic file (type eps)
<SoLID_setup_20130225_TCS_arrow.eps>

LaTeX Warning: Reference `fig:solid' on page 24 undefined on input line 73.


LaTeX Warning: Reference `table:SoLID' on page 24 undefined on input line 87.

[24] [25]

LaTeX Warning: A float is stuck (cannot be placed); try class option [floatfix]
 on input line 119.


Package hyperref Warning: Token not allowed in a PDFDocEncoded string,
(hyperref)                removing `math shift' on input line 150.


Package hyperref Warning: Token not allowed in a PDFDocEncoded string,
(hyperref)                removing `superscript' on input line 150.


Package hyperref Warning: Token not allowed in a PDFDocEncoded string,
(hyperref)                removing `superscript' on input line 150.


Package hyperref Warning: Token not allowed in a PDFDocEncoded string,
(hyperref)                removing `math shift' on input line 150.


Package natbib Warning: Citation `genTCS' on page 26 undefined on input line 15
7.


Package natbib Warning: Citation `Kessler:1994' on page 26 undefined on input l
ine 159.


Package natbib Warning: Citation `PDG:2012' on page 26 undefined on input line 
160.


Package natbib Warning: Citation `Berger:2001xd' on page 26 undefined on input 
line 162.


Package natbib Warning: Citation `SoLID_GEMC' on page 26 undefined on input lin
e 164.


LaTeX Warning: Reference `fig:eid' on page 26 undefined on input line 175.

[26]

LaTeX Warning: A float is stuck (cannot be placed); try class option [floatfix]
 on input line 179.

File: ep_final.eps Graphic file (type eps)
<ep_final.eps>

LaTeX Warning: Reference `fig:hid' on page 27 undefined on input line 192.

File: tofpid_SIDIS_FA.eps Graphic file (type eps)
<tofpid_SIDIS_FA.eps>
File: tofpid_TCS_LA.eps Graphic file (type eps)
 <tofpid_TCS_LA.eps>

LaTeX Warning: Reference `fig:theta_mom' on page 27 undefined on input line 209
.

File: theta_mom_final.eps Graphic file (type eps)
<theta_mom_final.eps>

LaTeX Warning: Reference `fig:Miss_2D' on page 27 undefined on input line 233.

File: Miss_2D.eps Graphic file (type eps)
<Miss_2D.eps>) [27]

LaTeX Warning: A float is stuck (cannot be placed); try class option [floatfix]
 on input line 202.

(./tcs_projections.tex

LaTeX Warning: Reference `fig:Angle' on page 28 undefined on input line 12.


LaTeX Warning: Reference `sec:tcs_selection' on page 28 undefined on input line
 21.


Package natbib Warning: Citation `vadim' on page 28 undefined on input line 24.



LaTeX Warning: Reference `fig:t_Q2_etabin' on page 28 undefined on input line 2
5.


LaTeX Warning: Reference `fig:theta_phi_CM_Q2bin' on page 28 undefined on input
 line 26.


LaTeX Warning: Reference `fig:t_Q2_etabin' on page 28 undefined on input line 3
4.


LaTeX Warning: Reference `fig:theta_phi_CM_etabin' on page 28 undefined on inpu
t line 44.

File: t_Q2_etabin.eps Graphic file (type eps)
<t_Q2_etabin.eps>
File: theta_phi_CM_etabin.eps Graphic file (type eps)
 <theta_phi_CM_etabin.eps>

LaTeX Warning: Reference `fig:t_eta_Q2bin' on page 28 undefined on input line 7
1.


LaTeX Warning: Reference `fig:theta_phi_CM_Q2bin' on page 28 undefined on input
 line 73.

[28]

LaTeX Warning: A float is stuck (cannot be placed); try class option [floatfix]
 on input line 75.

File: t_eta_Q2bin.eps Graphic file (type eps)
<t_eta_Q2bin.eps>
File: theta_phi_CM_Q2bin.eps Graphic file (type eps)
 <theta_phi_CM_Q2bin.eps>

LaTeX Warning: Reference `eq:M' on page 29 undefined on input line 100.


LaTeX Warning: Reference `eq:S' on page 29 undefined on input line 114.


LaTeX Warning: Reference `eq:R' on page 29 undefined on input line 114.


LaTeX Warning: Reference `fig:r_theory' on page 29 undefined on input line 124.


[29]

LaTeX Warning: A float is stuck (cannot be placed); try class option [floatfix]
 on input line 143.


LaTeX Warning: Reference `fig:R_etabin' on page 30 undefined on input line 144.



Package natbib Warning: Citation `Polyakov:2002wz' on page 30 undefined on inpu
t line 147.


Package natbib Warning: Citation `Guzey:2006xi' on page 30 undefined on input l
ine 147.


Package natbib Warning: Citation `Guzey:2008ys' on page 30 undefined on input l
ine 147.


Package natbib Warning: Citation `Polyakov:2008aa' on page 30 undefined on inpu
t line 147.


Package natbib Warning: Citation `Radyushkin:1998es' on page 30 undefined on in
put line 148.


LaTeX Warning: Reference `fig:t_Q2_etabin' on page 30 undefined on input line 1
56.


! LaTeX Error: Too many unprocessed floats; try class option [floatfix].

See the LaTeX manual or LaTeX Companion for explanation.
Type  H <return>  for immediate help.
 ...                                              
                                                  
l.162 \begin{figure}[t]
                       
? x
 
Here is how much of TeX's memory you used:
 5333 strings out of 94501
 69230 string characters out of 1176789
 149497 words of memory out of 1000000
 8376 multiletter control sequences out of 10000+50000
 15721 words of font info for 60 fonts, out of 500000 for 2000
 580 hyphenation exceptions out of 1000
 34i,10n,31p,488b,403s stack positions out of 1500i,500n,5000p,200000b,5000s
Output written on tcs_solid_proposal.dvi (29 pages, 129972 bytes).
